2022-09-27 10:38:05,596 [Worker-2: Loading available Gradle versions] INFO  o.e.b.c.i.u.g.PublishedGradleVersions - Gradle version information cache is not available. Remote download required.
2022-09-28 10:02:33,400 [Worker-1: Loading available Gradle versions] INFO  o.e.b.c.i.u.g.PublishedGradleVersions - Gradle version information cache is up-to-date. Trying to read.
2022-10-02 09:18:59,028 [Worker-0: Loading available Gradle versions] INFO  o.e.b.c.i.u.g.PublishedGradleVersions - Gradle version information cache is out-of-date. Trying to update.
2022-10-02 09:24:45,437 [Worker-2: Loading available Gradle versions] INFO  o.e.b.c.i.u.g.PublishedGradleVersions - Gradle version information cache is up-to-date. Trying to read.
2022-10-02 09:59:24,863 [Worker-31: http://dl.bintray.com/nodeclipse/nodeclipse/1.0.2f/p2.index] INFO  o.a.h.c.h.i.c.HttpRequestRetryExec - Recoverable I/O exception (org.apache.hc.core5.http.NoHttpResponseException) caught when processing request to {}->http://dl.bintray.com:80
2022-10-02 09:59:25,243 [Worker-47: http://dl.bintray.com/nodeclipse/nodeclipse/1.0.2f/p2.index] INFO  o.a.h.c.h.i.c.HttpRequestRetryExec - Recoverable I/O exception (org.apache.hc.core5.http.NoHttpResponseException) caught when processing request to {}->http://dl.bintray.com:80
2022-10-02 09:59:25,416 [Worker-54: http://dl.bintray.com/nodeclipse/nodeclipse/1.0.2f/content.jar] INFO  o.a.h.c.h.i.c.HttpRequestRetryExec - Recoverable I/O exception (org.apache.hc.core5.http.NoHttpResponseException) caught when processing request to {}->http://dl.bintray.com:80
2022-10-02 09:59:25,589 [Worker-40: http://dl.bintray.com/nodeclipse/nodeclipse/1.0.2f/content.xml] INFO  o.a.h.c.h.i.c.HttpRequestRetryExec - Recoverable I/O exception (org.apache.hc.core5.http.NoHttpResponseException) caught when processing request to {}->http://dl.bintray.com:80
2022-10-02 09:59:28,940 [Worker-54: http://dl.bintray.com/nodeclipse/nodeclipse/1.0.2f/p2.index] INFO  o.a.h.c.h.i.c.HttpRequestRetryExec - Recoverable I/O exception (org.apache.hc.core5.http.NoHttpResponseException) caught when processing request to {}->http://dl.bintray.com:80
2022-10-02 09:59:29,310 [Worker-44: http://dl.bintray.com/nodeclipse/nodeclipse/1.0.2f/p2.index] INFO  o.a.h.c.h.i.c.HttpRequestRetryExec - Recoverable I/O exception (org.apache.hc.core5.http.NoHttpResponseException) caught when processing request to {}->http://dl.bintray.com:80
2022-10-02 09:59:29,487 [Worker-42: http://dl.bintray.com/nodeclipse/nodeclipse/1.0.2f/content.jar] INFO  o.a.h.c.h.i.c.HttpRequestRetryExec - Recoverable I/O exception (org.apache.hc.core5.http.NoHttpResponseException) caught when processing request to {}->http://dl.bintray.com:80
2022-10-02 09:59:29,667 [Worker-49: http://dl.bintray.com/nodeclipse/nodeclipse/1.0.2f/content.xml] INFO  o.a.h.c.h.i.c.HttpRequestRetryExec - Recoverable I/O exception (org.apache.hc.core5.http.NoHttpResponseException) caught when processing request to {}->http://dl.bintray.com:80
2022-10-02 10:00:28,088 [Worker-52: http://dl.bintray.com/nodeclipse/nodeclipse/1.0.2f/p2.index] INFO  o.a.h.c.h.i.c.HttpRequestRetryExec - Recoverable I/O exception (org.apache.hc.core5.http.NoHttpResponseException) caught when processing request to {}->http://dl.bintray.com:80
2022-10-02 10:00:28,466 [Worker-43: http://dl.bintray.com/nodeclipse/nodeclipse/1.0.2f/p2.index] INFO  o.a.h.c.h.i.c.HttpRequestRetryExec - Recoverable I/O exception (org.apache.hc.core5.http.NoHttpResponseException) caught when processing request to {}->http://dl.bintray.com:80
2022-10-02 10:00:28,644 [Worker-47: http://dl.bintray.com/nodeclipse/nodeclipse/1.0.2f/artifacts.jar] INFO  o.a.h.c.h.i.c.HttpRequestRetryExec - Recoverable I/O exception (org.apache.hc.core5.http.NoHttpResponseException) caught when processing request to {}->http://dl.bintray.com:80
2022-10-02 10:00:28,820 [Worker-45: http://dl.bintray.com/nodeclipse/nodeclipse/1.0.2f/artifacts.xml] INFO  o.a.h.c.h.i.c.HttpRequestRetryExec - Recoverable I/O exception (org.apache.hc.core5.http.NoHttpResponseException) caught when processing request to {}->http://dl.bintray.com:80
2022-10-02 10:02:01,250 [Worker-4: Loading available Gradle versions] INFO  o.e.b.c.i.u.g.PublishedGradleVersions - Gradle version information cache is up-to-date. Trying to read.
2022-10-02 10:05:21,283 [Worker-1: Loading available Gradle versions] INFO  o.e.b.c.i.u.g.PublishedGradleVersions - Gradle version information cache is up-to-date. Trying to read.
2022-10-02 10:06:14,104 [Worker-4: Loading available Gradle versions] INFO  o.e.b.c.i.u.g.PublishedGradleVersions - Gradle version information cache is up-to-date. Trying to read.
2022-10-02 10:14:36,338 [Worker-5: Loading available Gradle versions] INFO  o.e.b.c.i.u.g.PublishedGradleVersions - Gradle version information cache is up-to-date. Trying to read.
2022-10-02 10:20:33,954 [Worker-6: Loading available Gradle versions] INFO  o.e.b.c.i.u.g.PublishedGradleVersions - Gradle version information cache is up-to-date. Trying to read.
